<?xml version="1.0" encoding="UTF-8"?>
<!-- Generated by org.testng.reporters.JUnitXMLReporter -->
<testsuite ignored="0" hostname="DESKTOP-PEJFJUC" failures="0" tests="7" name="Command line test" time="36.82" errors="0" timestamp="15 Jul 2021 01:07:27 GMT">
  <testcase classname="mouseKeybordActionsPackage.ClickContextTest" name="clickContext" time="1.045"/>
  <testcase classname="mouseKeybordActionsPackage.DoubleClickTest" name="doubleClick" time="5.182"/>
  <testcase classname="mouseKeybordActionsPackage.DragNDropTest" name="dragNDrop" time="1.96"/>
  <testcase classname="mouseKeybordActionsPackage.DragNDropTest" name="dragNDrop2" time="5.88"/>
  <testcase classname="mouseKeybordActionsPackage.LeftClickTest" name="leftClick" time="4.561"/>
  <testcase classname="mouseKeybordActionsPackage.MoveToTest" name="moveTo" time="5.513"/>
  <testcase classname="mouseKeybordActionsPackage.SendKeysTest" name="sendKeys" time="3.399"/>
</testsuite> <!-- Command line test -->
