<?xml version="1.0" encoding="UTF-8"?>
<testng-results ignored="0" total="1" passed="1" failed="0" skipped="0">
  <reporter-output>
  </reporter-output>
  <suite started-at="2021-07-15T00:31:06Z" name="Default suite" finished-at="2021-07-15T00:31:12Z" duration-ms="6375">
    <groups>
    </groups>
    <test started-at="2021-07-15T00:31:06Z" name="Default test" finished-at="2021-07-15T00:31:12Z" duration-ms="6375">
      <class name="mouseKeybordActionsPackage.LeftClickTest">
        <test-method is-config="true" signature="setup()[pri:0, instance:mouseKeybordActionsPackage.LeftClickTest@4f74980d]" started-at="2021-07-15T00:31:06Z" name="setup" finished-at="2021-07-15T00:31:08Z" duration-ms="1969" status="PASS">
          <reporter-output>
          </reporter-output>
        </test-method> <!-- setup -->
        <test-method signature="leftClick()[pri:0, instance:mouseKeybordActionsPackage.LeftClickTest@4f74980d]" started-at="2021-07-15T00:31:08Z" name="leftClick" finished-at="2021-07-15T00:31:12Z" duration-ms="4384" status="PASS">
          <reporter-output>
          </reporter-output>
        </test-method> <!-- leftClick -->
        <test-method is-config="true" signature="tearDown()[pri:0, instance:mouseKeybordActionsPackage.LeftClickTest@4f74980d]" started-at="2021-07-15T00:31:12Z" name="tearDown" finished-at="2021-07-15T00:31:12Z" duration-ms="0" status="PASS">
          <reporter-output>
          </reporter-output>
        </test-method> <!-- tearDown -->
      </class> <!-- mouseKeybordActionsPackage.LeftClickTest -->
    </test> <!-- Default test -->
  </suite> <!-- Default suite -->
</testng-results>
